2023-03-28T13:54:25+00:00 DEBUG tt4b_product_sync: missing access token for tt4b_product_sync
2023-03-28T13:54:26+00:00 DEBUG tt4b_product_sync: missing access token for tt4b_product_sync
2023-03-28T13:57:51+00:00 DEBUG tt4b_product_sync: missing access token for tt4b_product_sync
2023-03-28T13:58:32+00:00 DEBUG tt4b_product_sync: missing access token for tt4b_product_sync
2023-03-28T14:11:05+00:00 DEBUG tt4b_product_sync: missing access token for tt4b_product_sync
2023-03-28T14:11:11+00:00 DEBUG Tt4b_Pixel_Class::inject_view_content_event: hit injectViewContentEvent
2023-03-28T14:11:11+00:00 DEBUG Tt4b_Pixel_Class::inject_view_content_event: Missing option "access_token"
2023-03-28T14:17:17+00:00 DEBUG tt4b_product_sync: missing access token for tt4b_product_sync
2023-03-28T14:17:20+00:00 DEBUG Tt4b_Pixel_Class::inject_view_content_event: hit injectViewContentEvent
2023-03-28T14:17:20+00:00 DEBUG Tt4b_Pixel_Class::inject_view_content_event: Missing option "access_token"
2023-03-28T14:17:43+00:00 DEBUG tt4b_product_sync: missing access token for tt4b_product_sync
2023-03-28T14:24:12+00:00 DEBUG tt4b_product_sync: missing access token for tt4b_product_sync
2023-03-28T14:24:15+00:00 DEBUG Tt4b_Pixel_Class::inject_view_content_event: hit injectViewContentEvent
2023-03-28T14:24:15+00:00 DEBUG Tt4b_Pixel_Class::inject_view_content_event: Missing option "access_token"
2023-03-28T14:25:28+00:00 DEBUG tt4b_product_sync: missing access token for tt4b_product_sync
2023-03-28T14:25:31+00:00 DEBUG Tt4b_Pixel_Class::inject_view_content_event: hit injectViewContentEvent
2023-03-28T14:25:31+00:00 DEBUG Tt4b_Pixel_Class::inject_view_content_event: Missing option "access_token"
2023-03-28T14:26:34+00:00 DEBUG tt4b_product_sync: missing access token for tt4b_product_sync
2023-03-28T14:27:21+00:00 DEBUG Tt4b_Pixel_Class::inject_view_content_event: hit injectViewContentEvent
2023-03-28T14:27:21+00:00 DEBUG Tt4b_Pixel_Class::inject_view_content_event: Missing option "access_token"
2023-03-28T15:27:05+00:00 DEBUG Tt4b_Pixel_Class::inject_view_content_event: hit injectViewContentEvent
2023-03-28T15:27:05+00:00 DEBUG Tt4b_Pixel_Class::inject_view_content_event: Missing option "access_token"
2023-03-28T15:27:44+00:00 DEBUG Tt4b_Pixel_Class::inject_add_to_cart_event: hit injectAddToCartEvent
2023-03-28T15:27:44+00:00 DEBUG Tt4b_Pixel_Class::inject_add_to_cart_event: Missing option "access_token"
2023-03-28T15:28:01+00:00 DEBUG Tt4b_Pixel_Class::inject_start_checkout: hit injectStartCheckout
2023-03-28T15:28:01+00:00 DEBUG Tt4b_Pixel_Class::inject_start_checkout: Missing option "access_token"
2023-03-28T15:29:31+00:00 DEBUG Tt4b_Pixel_Class::inject_start_checkout: hit injectStartCheckout
2023-03-28T15:29:31+00:00 DEBUG Tt4b_Pixel_Class::inject_start_checkout: Missing option "access_token"
2023-03-28T15:41:30+00:00 DEBUG Tt4b_Pixel_Class::inject_view_content_event: hit injectViewContentEvent
2023-03-28T15:41:30+00:00 DEBUG Tt4b_Pixel_Class::inject_view_content_event: Missing option "access_token"
2023-03-28T15:42:39+00:00 DEBUG Tt4b_Pixel_Class::inject_start_checkout: hit injectStartCheckout
2023-03-28T15:42:39+00:00 DEBUG Tt4b_Pixel_Class::inject_start_checkout: Missing option "access_token"
